<?xml version="1.0" encoding="UTF-8"?>
<!-- Generated by org.testng.reporters.JUnitReportReporter -->
<testsuite skipped="0" hostname="LAPTOP-45MJ35M6" name="rest.apirest.test.SimpleGetTest" tests="1" failures="0" timestamp="2020-10-17T16:58:25 IST" time="4.365" errors="0">
  <testcase name="GetWeatherDetails" time="4.365" classname="rest.apirest.test.SimpleGetTest"/>
  <system-out/>
</testsuite> <!-- rest.apirest.test.SimpleGetTest -->
